Traceback (most recent call last):
  File "/home/chenyusiyuan/prompt2model/p2m.py", line 11, in <module>
    import datasets
ModuleNotFoundError: No module named 'datasets'
                        ____                            _     ____    __  __           _      _                         
                       |  _ \ _ __ ___  _ __ ___  _ __ | |_  |___ \  |  \/  | ___   __| | ___| |                        
                       | |_) | '__/ _ \| '_ ` _ \| '_ \| __|   __) | | |\/| |/ _ \ / _` |/ _ \ |                        
                       |  __/| | | (_) | | | | | | |_) | |_   / __/  | |  | | (_) | (_| |  __/ |                        
                       |_|   |_|  \___/|_| |_| |_| .__/ \__| |_____| |_|  |_|\___/ \__,_|\___|_|                        
                                                 |_|                                                                    
                                                                                                                        
[RUN] output dir: /home/chenyusiyuan/prompt2model/runs/run_20251114_175121
Do you want to start from scratch? (y/n)
Loaded prompt from file: prompt.yaml
Retrieving dataset...
Do you want to perform data transformation? (y/n)
Data transformation converts retrieved data into the desired format as per the prompt.
Enter the number of data points you want to transform (the remaining will be discarded):
2025-11-14 17:51:55,672 - DescriptionDatasetRetriever - INFO - Creating dataset descriptions
INFO:DescriptionDatasetRetriever:Creating dataset descriptions
2025-11-14 17:53:00,377 - DescriptionDatasetRetriever - INFO - Top datasets retrieved.
INFO:DescriptionDatasetRetriever:Top datasets retrieved.
[WARN] remote retrieval init/fetch failed: expected string or bytes-like object
[fallback] building dataset from prompt examples.
The dataset generation has not finished.
Your input instruction:

任务：生成“银行线上客服”对用户问题的标准回答（中文），并用于训练/分析金融客服QA数据。
口径与合规要求：
1) 隐私与脱敏：不得输出或猜测个人敏感信息（卡号/身份证号/余额/交易明细/验证码/密码等）。如需核验，请指引用户在“XX银行App-我的-安全中心”完成身份核验。
2) 事实与范围：不捏造费率/利率/汇率/审批结果/额度等个性化数值；统一给“查询或办理路径”（页面位置/入口）。
3) 风险披露：涉及“理财、贷款、外汇”等，需提醒风险或政策时点，以系统或条款为准。
4) 紧急处置：遇到“挂失/盗刷/交易异常/身份被冒用”等高风险情景，第一时间给出“紧急挂失/冻结”与“人工客服/网点”的具体路径。
5) 话术：专业克制、礼貌友好；尽量 2～5 句说清楚；流程可用 1～3 条项目符号。
输出：仅输出“回答文本”。（label 仅在数据字段中使用，用于标注意图类别）

Your input few-shot examples count: 20
Enter the number of examples you wish to generate (you can enter 0 to skip generation):
